<?xml version="1.0" encoding="UTF-8"?>
<testsuite xmlns:xsi="http://www.w3.org/2001/XMLSchema-instance" xsi:noNamespaceSchemaLocation="https://maven.apache.org/surefire/maven-surefire-plugin/xsd/surefire-test-report-3.0.xsd" version="3.0" name="dominio.ClienteTest" time="3.915" tests="8" errors="0" skipped="0" failures="0">
  <properties>
[...]
</properties>
  <testcase name="t1_deveCadastrarClienteComSucesso" classname="dominio.ClienteTest" time="0.005">
    <system-err><![CDATA[Dec 20, 2020 9:13:44 AM org.hibernate.jpa.internal.util.LogHelper logPersistenceUnitInformation
INFO: HHH000204: Processing PersistenceUnitInfo [name: gclick-jpa]
Dec 20, 2020 9:13:44 AM org.hibernate.Version logVersion
INFO: HHH000412: Hibernate ORM core version 5.4.26.Final
Dec 20, 2020 9:13:44 AM org.hibernate.annotations.common.reflection.java.JavaReflectionManager <clinit>
INFO: HCANN000001: Hibernate Commons Annotations {5.1.2.Final}
Dec 20, 2020 9:13:45 AM org.hibernate.engine.jdbc.connections.internal.DriverManagerConnectionProviderImpl configure
WARN: HHH10001002: Using Hibernate built-in connection pool (not for production use!)
Loading class `com.mysql.jdbc.Driver'. This is deprecated. The new driver class is `com.mysql.cj.jdbc.Driver'. The driver is automatically registered via the SPI and manual loading of the driver class is generally unnecessary.
Dec 20, 2020 9:13:45 AM org.hibernate.engine.jdbc.connections.internal.DriverManagerConnectionProviderImpl buildCreator
INFO: HHH10001005: using driver [com.mysql.jdbc.Driver] at URL [jdbc:mysql://localhost/gclick?useSSL=false&serverTimezone=UTC]
Dec 20, 2020 9:13:45 AM org.hibernate.engine.jdbc.connections.internal.DriverManagerConnectionProviderImpl buildCreator
INFO: HHH10001001: Connection properties: {user=root, password=****}
Dec 20, 2020 9:13:45 AM org.hibernate.engine.jdbc.connections.internal.DriverManagerConnectionProviderImpl buildCreator
INFO: HHH10001003: Autocommit mode: false
Dec 20, 2020 9:13:45 AM org.hibernate.engine.jdbc.connections.internal.DriverManagerConnectionProviderImpl$PooledConnections <init>
INFO: HHH000115: Hibernate connection pool size: 20 (min=1)
Dec 20, 2020 9:13:45 AM org.hibernate.dialect.Dialect <init>
INFO: HHH000400: Using dialect: org.hibernate.dialect.MySQL8Dialect
Dec 20, 2020 9:13:47 AM org.hibernate.resource.transaction.backend.jdbc.internal.DdlTransactionIsolatorNonJtaImpl getIsolatedConnection
INFO: HHH10001501: Connection obtained from JdbcConnectionAccess [org.hibernate.engine.jdbc.env.internal.JdbcEnvironmentInitiator$ConnectionProviderJdbcConnectionAccess@6e78fcf5] for (non-JTA) DDL execution was not in auto-commit mode; the Connection 'local transaction' will be committed and the Connection will be set into auto-commit mode.
Dec 20, 2020 9:13:47 AM org.hibernate.resource.transaction.backend.jdbc.internal.DdlTransactionIsolatorNonJtaImpl getIsolatedConnection
INFO: HHH10001501: Connection obtained from JdbcConnectionAccess [org.hibernate.engine.jdbc.env.internal.JdbcEnvironmentInitiator$ConnectionProviderJdbcConnectionAccess@1efdcd5] for (non-JTA) DDL execution was not in auto-commit mode; the Connection 'local transaction' will be committed and the Connection will be set into auto-commit mode.
Dec 20, 2020 9:13:47 AM org.hibernate.engine.transaction.jta.platform.internal.JtaPlatformInitiator initiateService
INFO: HHH000490: Using JtaPlatform implementation: [org.hibernate.engine.transaction.jta.platform.internal.NoJtaPlatform]
]]></system-err>
  </testcase>
  <testcase name="t3_deve_RecuperarClienteComIdValido" classname="dominio.ClienteTest" time="0"/>
  <testcase name="t4_deve_AtualizarClienteComIdValido" classname="dominio.ClienteTest" time="0.005">
    <system-out><![CDATA[Cliente{id=1, nome='Maria Sa', inscricao='true', contatos=[maria@gmail.com, 9999-8888]}
]]></system-out>
  </testcase>
  <testcase name="t5_deve_RemoverClienteComIDvalido" classname="dominio.ClienteTest" time="0"/>
  <testcase name="t6_naoDeve_CadastrarClienteSemAtributoInscricao" classname="dominio.ClienteTest" time="0"/>
  <testcase name="t7_naoDeve_RecuperarClienteComIdInvalido" classname="dominio.ClienteTest" time="0"/>
  <testcase name="t8_naoDeveAtualizarClienteComIdInvalido" classname="dominio.ClienteTest" time="0"/>
  <testcase name="t9_naoDeveRemoverClienteComIdInvalido" classname="dominio.ClienteTest" time="0"/>
</testsuite>